<?xml version="1.0" encoding="UTF-8"?>
<testsuite name="pack.sandbox.SquareTest" tests="1" skipped="0" failures="0" errors="0" timestamp="2022-07-16T08:11:16" hostname="DESKTOP-QSS9N9O" time="0.013">
  <properties/>
  <testcase name="testArea" classname="pack.sandbox.SquareTest" time="0.013"/>
  <system-out><![CDATA[]]></system-out>
  <system-err><![CDATA[]]></system-err>
</testsuite>
